[error] Failed to fetch Firebase Project from Studio Workspace because WORKSPACE_SLUG environment variable is empty
[error] Failed to fetch Firebase Project from Studio Workspace because WORKSPACE_SLUG environment variable is empty
[error] Failed to fetch Firebase Project from Studio Workspace because WORKSPACE_SLUG environment variable is empty
[error] Failed to fetch Firebase Project from Studio Workspace because WORKSPACE_SLUG environment variable is empty
[debug] [2025-12-26T17:25:13.042Z] > command requires scopes: ["email","openid","https://www.googleapis.com/auth/cloudplatformprojects.readonly","https://www.googleapis.com/auth/firebase","https://www.googleapis.com/auth/cloud-platform","https://www.googleapis.com/auth/userinfo.email"]
[debug] [2025-12-26T17:25:13.046Z] > command requires scopes: ["email","openid","https://www.googleapis.com/auth/cloudplatformprojects.readonly","https://www.googleapis.com/auth/firebase","https://www.googleapis.com/auth/cloud-platform","https://www.googleapis.com/auth/userinfo.email"]
[debug] [2025-12-26T17:25:18.373Z] Running auto auth
[debug] [2025-12-26T17:25:18.375Z] Running auto auth
[debug] [2025-12-26T17:25:18.425Z] No OAuth tokens found
[debug] [2025-12-26T17:25:18.428Z] >>> [apiv2][query] GET https://cloudbilling.googleapis.com/v1/projects/weekwise-ifutl/billingInfo [none]
[debug] [2025-12-26T17:25:18.476Z] No OAuth tokens found
[debug] [2025-12-26T17:25:18.476Z] >>> [apiv2][query] GET https://cloudbilling.googleapis.com/v1/projects/weekwise-ifutl/billingInfo [none]
[debug] [2025-12-26T17:25:18.777Z] <<< [apiv2][status] GET https://cloudbilling.googleapis.com/v1/projects/weekwise-ifutl/billingInfo 200
[debug] [2025-12-26T17:25:18.779Z] <<< [apiv2][body] GET https://cloudbilling.googleapis.com/v1/projects/weekwise-ifutl/billingInfo {"name":"projects/weekwise-ifutl/billingInfo","projectId":"weekwise-ifutl","billingAccountName":"","billingEnabled":false}
[debug] [2025-12-26T17:25:18.794Z] No OAuth tokens found
[debug] [2025-12-26T17:25:18.795Z] No OAuth tokens found
[debug] [2025-12-26T17:25:18.822Z] No OAuth tokens found
[debug] [2025-12-26T17:25:18.823Z] No OAuth tokens found
[debug] [2025-12-26T17:25:18.824Z] >>> [apiv2][query] GET https://serviceusage.googleapis.com/v1/projects/weekwise-ifutl/services/firebasedataconnect.googleapis.com [none]
[debug] [2025-12-26T17:25:18.824Z] >>> [apiv2][(partial)header] GET https://serviceusage.googleapis.com/v1/projects/weekwise-ifutl/services/firebasedataconnect.googleapis.com x-goog-quota-user=projects/weekwise-ifutl
[debug] [2025-12-26T17:25:18.827Z] >>> [apiv2][query] GET https://serviceusage.googleapis.com/v1/projects/weekwise-ifutl/services/cloudfunctions.googleapis.com [none]
[debug] [2025-12-26T17:25:18.827Z] >>> [apiv2][(partial)header] GET https://serviceusage.googleapis.com/v1/projects/weekwise-ifutl/services/cloudfunctions.googleapis.com x-goog-quota-user=projects/weekwise-ifutl
[debug] [2025-12-26T17:25:18.830Z] >>> [apiv2][query] GET https://serviceusage.googleapis.com/v1/projects/weekwise-ifutl/services/firebaseapphosting.googleapis.com [none]
[debug] [2025-12-26T17:25:18.833Z] >>> [apiv2][(partial)header] GET https://serviceusage.googleapis.com/v1/projects/weekwise-ifutl/services/firebaseapphosting.googleapis.com x-goog-quota-user=projects/weekwise-ifutl
[debug] [2025-12-26T17:25:18.836Z] >>> [apiv2][query] GET https://serviceusage.googleapis.com/v1/projects/weekwise-ifutl/services/firebaseio.com [none]
[debug] [2025-12-26T17:25:18.836Z] >>> [apiv2][(partial)header] GET https://serviceusage.googleapis.com/v1/projects/weekwise-ifutl/services/firebaseio.com x-goog-quota-user=projects/weekwise-ifutl
[debug] [2025-12-26T17:25:19.209Z] <<< [apiv2][status] GET https://cloudbilling.googleapis.com/v1/projects/weekwise-ifutl/billingInfo 200
[debug] [2025-12-26T17:25:19.209Z] <<< [apiv2][body] GET https://cloudbilling.googleapis.com/v1/projects/weekwise-ifutl/billingInfo {"name":"projects/weekwise-ifutl/billingInfo","projectId":"weekwise-ifutl","billingAccountName":"","billingEnabled":false}
[debug] [2025-12-26T17:25:19.217Z] No OAuth tokens found
[debug] [2025-12-26T17:25:19.217Z] No OAuth tokens found
[debug] [2025-12-26T17:25:19.230Z] No OAuth tokens found
[debug] [2025-12-26T17:25:19.230Z] No OAuth tokens found
[debug] [2025-12-26T17:25:19.231Z] >>> [apiv2][query] GET https://serviceusage.googleapis.com/v1/projects/weekwise-ifutl/services/firebasedataconnect.googleapis.com [none]
[debug] [2025-12-26T17:25:19.231Z] >>> [apiv2][(partial)header] GET https://serviceusage.googleapis.com/v1/projects/weekwise-ifutl/services/firebasedataconnect.googleapis.com x-goog-quota-user=projects/weekwise-ifutl
[debug] [2025-12-26T17:25:19.234Z] >>> [apiv2][query] GET https://serviceusage.googleapis.com/v1/projects/weekwise-ifutl/services/cloudfunctions.googleapis.com [none]
[debug] [2025-12-26T17:25:19.234Z] >>> [apiv2][(partial)header] GET https://serviceusage.googleapis.com/v1/projects/weekwise-ifutl/services/cloudfunctions.googleapis.com x-goog-quota-user=projects/weekwise-ifutl
[debug] [2025-12-26T17:25:19.237Z] >>> [apiv2][query] GET https://serviceusage.googleapis.com/v1/projects/weekwise-ifutl/services/firebaseapphosting.googleapis.com [none]
[debug] [2025-12-26T17:25:19.237Z] >>> [apiv2][(partial)header] GET https://serviceusage.googleapis.com/v1/projects/weekwise-ifutl/services/firebaseapphosting.googleapis.com x-goog-quota-user=projects/weekwise-ifutl
[debug] [2025-12-26T17:25:19.240Z] >>> [apiv2][query] GET https://serviceusage.googleapis.com/v1/projects/weekwise-ifutl/services/firebaseio.com [none]
[debug] [2025-12-26T17:25:19.240Z] >>> [apiv2][(partial)header] GET https://serviceusage.googleapis.com/v1/projects/weekwise-ifutl/services/firebaseio.com x-goog-quota-user=projects/weekwise-ifutl
[debug] [2025-12-26T17:25:19.640Z] <<< [apiv2][status] GET https://serviceusage.googleapis.com/v1/projects/weekwise-ifutl/services/firebaseio.com 403
[debug] [2025-12-26T17:25:19.640Z] <<< [apiv2][body] GET https://serviceusage.googleapis.com/v1/projects/weekwise-ifutl/services/firebaseio.com [omitted]
[debug] [2025-12-26T17:25:19.727Z] <<< [apiv2][status] GET https://serviceusage.googleapis.com/v1/projects/weekwise-ifutl/services/firebasedataconnect.googleapis.com 200
[debug] [2025-12-26T17:25:19.727Z] <<< [apiv2][body] GET https://serviceusage.googleapis.com/v1/projects/weekwise-ifutl/services/firebasedataconnect.googleapis.com [omitted]
[debug] [2025-12-26T17:25:19.758Z] <<< [apiv2][status] GET https://serviceusage.googleapis.com/v1/projects/weekwise-ifutl/services/cloudfunctions.googleapis.com 200
[debug] [2025-12-26T17:25:19.758Z] <<< [apiv2][body] GET https://serviceusage.googleapis.com/v1/projects/weekwise-ifutl/services/cloudfunctions.googleapis.com [omitted]
[debug] [2025-12-26T17:25:19.802Z] <<< [apiv2][status] GET https://serviceusage.googleapis.com/v1/projects/weekwise-ifutl/services/firebaseapphosting.googleapis.com 200
[debug] [2025-12-26T17:25:19.802Z] <<< [apiv2][body] GET https://serviceusage.googleapis.com/v1/projects/weekwise-ifutl/services/firebaseapphosting.googleapis.com [omitted]
[debug] [2025-12-26T17:25:19.948Z] <<< [apiv2][status] GET https://serviceusage.googleapis.com/v1/projects/weekwise-ifutl/services/firebaseio.com 403
[debug] [2025-12-26T17:25:19.948Z] <<< [apiv2][body] GET https://serviceusage.googleapis.com/v1/projects/weekwise-ifutl/services/firebaseio.com [omitted]
[debug] [2025-12-26T17:25:20.019Z] <<< [apiv2][status] GET https://serviceusage.googleapis.com/v1/projects/weekwise-ifutl/services/firebasedataconnect.googleapis.com 200
[debug] [2025-12-26T17:25:20.019Z] <<< [apiv2][body] GET https://serviceusage.googleapis.com/v1/projects/weekwise-ifutl/services/firebasedataconnect.googleapis.com [omitted]
[debug] [2025-12-26T17:25:20.027Z] <<< [apiv2][status] GET https://serviceusage.googleapis.com/v1/projects/weekwise-ifutl/services/cloudfunctions.googleapis.com 200
[debug] [2025-12-26T17:25:20.027Z] <<< [apiv2][body] GET https://serviceusage.googleapis.com/v1/projects/weekwise-ifutl/services/cloudfunctions.googleapis.com [omitted]
[debug] [2025-12-26T17:25:20.045Z] <<< [apiv2][status] GET https://serviceusage.googleapis.com/v1/projects/weekwise-ifutl/services/firebaseapphosting.googleapis.com 200
[debug] [2025-12-26T17:25:20.046Z] <<< [apiv2][body] GET https://serviceusage.googleapis.com/v1/projects/weekwise-ifutl/services/firebaseapphosting.googleapis.com [omitted]
[error] Failed to fetch Firebase Project from Studio Workspace because WORKSPACE_SLUG environment variable is empty
[error] Failed to fetch Firebase Project from Studio Workspace because WORKSPACE_SLUG environment variable is empty
[error] Failed to fetch Firebase Project from Studio Workspace because WORKSPACE_SLUG environment variable is empty
[debug] [2025-12-26T17:25:20.055Z] > command requires scopes: ["email","openid","https://www.googleapis.com/auth/cloudplatformprojects.readonly","https://www.googleapis.com/auth/firebase","https://www.googleapis.com/auth/cloud-platform","https://www.googleapis.com/auth/userinfo.email"]
[debug] [2025-12-26T17:25:20.056Z] > authorizing via signed-in user (bcclark11@gmail.com)
[debug] [2025-12-26T17:25:20.056Z] No OAuth tokens found
[debug] [2025-12-26T17:25:20.056Z] >>> [apiv2][query] GET https://cloudbilling.googleapis.com/v1/projects/weekwise-ifutl/billingInfo [none]
[debug] [2025-12-26T17:25:20.891Z] <<< [apiv2][status] GET https://cloudbilling.googleapis.com/v1/projects/weekwise-ifutl/billingInfo 200
[debug] [2025-12-26T17:25:20.891Z] <<< [apiv2][body] GET https://cloudbilling.googleapis.com/v1/projects/weekwise-ifutl/billingInfo {"name":"projects/weekwise-ifutl/billingInfo","projectId":"weekwise-ifutl","billingAccountName":"","billingEnabled":false}
[error] Failed to fetch Firebase Project from Studio Workspace because WORKSPACE_SLUG environment variable is empty
[debug] [2025-12-26T17:25:20.895Z] > command requires scopes: ["email","openid","https://www.googleapis.com/auth/cloudplatformprojects.readonly","https://www.googleapis.com/auth/firebase","https://www.googleapis.com/auth/cloud-platform","https://www.googleapis.com/auth/userinfo.email"]
[debug] [2025-12-26T17:25:20.896Z] > authorizing via signed-in user (bcclark11@gmail.com)
[error] Failed to fetch Firebase Project from Studio Workspace because WORKSPACE_SLUG environment variable is empty
[error] Failed to fetch Firebase Project from Studio Workspace because WORKSPACE_SLUG environment variable is empty
[error] Failed to fetch Firebase Project from Studio Workspace because WORKSPACE_SLUG environment variable is empty
[debug] [2025-12-26T17:25:20.927Z] > command requires scopes: ["email","openid","https://www.googleapis.com/auth/cloudplatformprojects.readonly","https://www.googleapis.com/auth/firebase","https://www.googleapis.com/auth/cloud-platform","https://www.googleapis.com/auth/userinfo.email"]
[debug] [2025-12-26T17:25:20.927Z] > authorizing via signed-in user (bcclark11@gmail.com)
[debug] [2025-12-26T17:25:20.928Z] No OAuth tokens found
[debug] [2025-12-26T17:25:20.928Z] >>> [apiv2][query] GET https://cloudbilling.googleapis.com/v1/projects/weekwise-ifutl/billingInfo [none]
[error] Failed to fetch Firebase Project from Studio Workspace because WORKSPACE_SLUG environment variable is empty
[error] Failed to fetch Firebase Project from Studio Workspace because WORKSPACE_SLUG environment variable is empty
[error] Failed to fetch Firebase Project from Studio Workspace because WORKSPACE_SLUG environment variable is empty
[debug] [2025-12-26T17:25:20.936Z] > command requires scopes: ["email","openid","https://www.googleapis.com/auth/cloudplatformprojects.readonly","https://www.googleapis.com/auth/firebase","https://www.googleapis.com/auth/cloud-platform","https://www.googleapis.com/auth/userinfo.email"]
[debug] [2025-12-26T17:25:20.937Z] > authorizing via signed-in user (bcclark11@gmail.com)
[debug] [2025-12-26T17:25:20.939Z] No OAuth tokens found
[debug] [2025-12-26T17:25:20.940Z] >>> [apiv2][query] GET https://cloudbilling.googleapis.com/v1/projects/weekwise-ifutl/billingInfo [none]
[debug] [2025-12-26T17:25:21.077Z] <<< [apiv2][status] GET https://cloudbilling.googleapis.com/v1/projects/weekwise-ifutl/billingInfo 200
[debug] [2025-12-26T17:25:21.078Z] <<< [apiv2][body] GET https://cloudbilling.googleapis.com/v1/projects/weekwise-ifutl/billingInfo {"name":"projects/weekwise-ifutl/billingInfo","projectId":"weekwise-ifutl","billingAccountName":"","billingEnabled":false}
[error] Failed to fetch Firebase Project from Studio Workspace because WORKSPACE_SLUG environment variable is empty
[debug] [2025-12-26T17:25:21.083Z] > command requires scopes: ["email","openid","https://www.googleapis.com/auth/cloudplatformprojects.readonly","https://www.googleapis.com/auth/firebase","https://www.googleapis.com/auth/cloud-platform","https://www.googleapis.com/auth/userinfo.email"]
[debug] [2025-12-26T17:25:21.083Z] > authorizing via signed-in user (bcclark11@gmail.com)
[debug] [2025-12-26T17:25:21.105Z] <<< [apiv2][status] GET https://cloudbilling.googleapis.com/v1/projects/weekwise-ifutl/billingInfo 200
[debug] [2025-12-26T17:25:21.105Z] <<< [apiv2][body] GET https://cloudbilling.googleapis.com/v1/projects/weekwise-ifutl/billingInfo {"name":"projects/weekwise-ifutl/billingInfo","projectId":"weekwise-ifutl","billingAccountName":"","billingEnabled":false}
[error] Failed to fetch Firebase Project from Studio Workspace because WORKSPACE_SLUG environment variable is empty
[debug] [2025-12-26T17:25:21.110Z] > command requires scopes: ["email","openid","https://www.googleapis.com/auth/cloudplatformprojects.readonly","https://www.googleapis.com/auth/firebase","https://www.googleapis.com/auth/cloud-platform","https://www.googleapis.com/auth/userinfo.email"]
[debug] [2025-12-26T17:25:21.110Z] > authorizing via signed-in user (bcclark11@gmail.com)
